C:\Program Files\Microsoft Visual Studio\2022\Community\MSBuild\Microsoft\VC\v170\Microsoft.CppBuild.targets(524,5): warning MSB8004: Output Directory does not end with a trailing slash.  This build instance will add the slash as it is required to allow proper evaluation of the Output Directory.
  AudioManager.cpp
  Ball.cpp
  GameObject.cpp
D:\UNI\C++\Pong\Pong\Ball.cpp(47,22): warning C4244: '=': conversion from 'int' to 'float', possible loss of data
D:\UNI\C++\Pong\Pong\Ball.cpp(48,23): warning C4244: '=': conversion from 'int' to 'float', possible loss of data
  GameState.cpp
D:\UNI\C++\Pong\Pong\GameState.cpp(42,70): warning C4244: 'argument': conversion from 'int' to 'float', possible loss of data
D:\UNI\C++\Pong\Pong\GameState.cpp(42,45): warning C4244: 'argument': conversion from 'int' to 'float', possible loss of data
D:\UNI\C++\Pong\Pong\GameState.cpp(43,69): warning C4244: 'argument': conversion from 'int' to 'float', possible loss of data
D:\UNI\C++\Pong\Pong\GameState.cpp(43,45): warning C4244: 'argument': conversion from 'int' to 'float', possible loss of data
  Globals.cpp
  main.cpp
D:\UNI\C++\Pong\Pong\main.cpp(35,31): warning C4244: 'argument': conversion from 'int' to 'float', possible loss of data
D:\UNI\C++\Pong\Pong\main.cpp(96,75): warning C4244: 'argument': conversion from 'const int' to 'float', possible loss of data
D:\UNI\C++\Pong\Pong\main.cpp(96,61): warning C4244: 'argument': conversion from 'const int' to 'float', possible loss of data
D:\UNI\C++\Pong\Pong\main.cpp(96,56): warning C4244: 'argument': conversion from 'int' to 'float', possible loss of data
D:\UNI\C++\Pong\Pong\main.cpp(96,37): warning C4244: 'argument': conversion from 'int' to 'float', possible loss of data
D:\UNI\C++\Pong\Pong\main.cpp(103,63): warning C4244: 'argument': conversion from 'const int' to 'float', possible loss of data
D:\UNI\C++\Pong\Pong\main.cpp(103,58): warning C4244: 'argument': conversion from 'int' to 'float', possible loss of data
D:\UNI\C++\Pong\Pong\main.cpp(103,37): warning C4244: 'argument': conversion from 'int' to 'float', possible loss of data
C:\Program Files\Microsoft Visual Studio\2022\Community\VC\Tools\MSVC\14.44.35207\include\memory(3630,56): warning C4244: 'argument': conversion from '_Ty' to 'float', possible loss of data
C:\Program Files\Microsoft Visual Studio\2022\Community\VC\Tools\MSVC\14.44.35207\include\memory(3630,56): warning C4244:         with
C:\Program Files\Microsoft Visual Studio\2022\Community\VC\Tools\MSVC\14.44.35207\include\memory(3630,56): warning C4244:         [
C:\Program Files\Microsoft Visual Studio\2022\Community\VC\Tools\MSVC\14.44.35207\include\memory(3630,56): warning C4244:             _Ty=int
C:\Program Files\Microsoft Visual Studio\2022\Community\VC\Tools\MSVC\14.44.35207\include\memory(3630,56): warning C4244:         ]
  (compiling source file 'main.cpp')
      C:\Program Files\Microsoft Visual Studio\2022\Community\VC\Tools\MSVC\14.44.35207\include\memory(3630,56):
      the template instantiation context (the oldest one first) is
          D:\UNI\C++\Pong\Pong\main.cpp(133,32):
          see reference to function template instantiation 'std::unique_ptr<Ball,std::default_delete<Ball>> std::make_unique<Ball,int,int,int,0>(int &&,int &&,int &&)' being compiled
  
  Paddle.cpp
  timer.cpp
  Generating Code...
sggd.lib(graphics.obj) : warning LNK4099: PDB 'sggd.pdb' was not found with 'sggd.lib(graphics.obj)' or at 'D:\UNI\C++\Pong\bin\sggd.pdb'; linking object as if no debug info
sggd.lib(GLbackend.obj) : warning LNK4099: PDB 'sggd.pdb' was not found with 'sggd.lib(GLbackend.obj)' or at 'D:\UNI\C++\Pong\bin\sggd.pdb'; linking object as if no debug info
sggd.lib(shader.obj) : warning LNK4099: PDB 'sggd.pdb' was not found with 'sggd.lib(shader.obj)' or at 'D:\UNI\C++\Pong\bin\sggd.pdb'; linking object as if no debug info
sggd.lib(fonts.obj) : warning LNK4099: PDB 'sggd.pdb' was not found with 'sggd.lib(fonts.obj)' or at 'D:\UNI\C++\Pong\bin\sggd.pdb'; linking object as if no debug info
sggd.lib(texture.obj) : warning LNK4099: PDB 'sggd.pdb' was not found with 'sggd.lib(texture.obj)' or at 'D:\UNI\C++\Pong\bin\sggd.pdb'; linking object as if no debug info
sggd.lib(AudioManager.obj) : warning LNK4099: PDB 'sggd.pdb' was not found with 'sggd.lib(AudioManager.obj)' or at 'D:\UNI\C++\Pong\bin\sggd.pdb'; linking object as if no debug info
sggd.lib(lodepng.obj) : warning LNK4099: PDB 'sggd.pdb' was not found with 'sggd.lib(lodepng.obj)' or at 'D:\UNI\C++\Pong\bin\sggd.pdb'; linking object as if no debug info
  Pong.vcxproj -> D:\UNI\C++\Pong\bin\Pong.exe
